Arguments: 
  /home/erusu/.nvm/versions/node/v14.18.2/bin/node /home/erusu/.nvm/versions/node/v14.18.2/bin/yarn

PATH: 
  /home/erusu/.nvm/versions/node/v14.18.2/bin:/home/erusu/.cargo/bin:/usr/local/sbin:/usr/local/bin:/usr/sbin:/usr/bin:/sbin:/bin:/usr/games:/usr/local/games:/snap/bin:/usr/local/go/bin

Yarn version: 
  1.22.17

Node version: 
  14.18.2

Platform: 
  linux x64

Trace: 
  TypeError: Invalid Version: 0.1
      at new SemVer (/home/erusu/.nvm/versions/node/v14.18.2/lib/node_modules/yarn/lib/cli.js:3508:11)
      at Range.module.exports.Range.test (/home/erusu/.nvm/versions/node/v14.18.2/lib/node_modules/yarn/lib/cli.js:4315:15)
      at Function.satisfies (/home/erusu/.nvm/versions/node/v14.18.2/lib/node_modules/yarn/lib/cli.js:4364:16)
      at WorkspaceLayout.getManifestByPattern (/home/erusu/.nvm/versions/node/v14.18.2/lib/node_modules/yarn/lib/cli.js:32305:31)
      at Function.isWorkspace (/home/erusu/.nvm/versions/node/v14.18.2/lib/node_modules/yarn/lib/cli.js:98369:51)
      at PackageRequest.<anonymous> (/home/erusu/.nvm/versions/node/v14.18.2/lib/node_modules/yarn/lib/cli.js:36672:76)
      at Generator.next (<anonymous>)
      at step (/home/erusu/.nvm/versions/node/v14.18.2/lib/node_modules/yarn/lib/cli.js:310:30)
      at /home/erusu/.nvm/versions/node/v14.18.2/lib/node_modules/yarn/lib/cli.js:328:14
      at new Promise (<anonymous>)

npm manifest: 
  {
    "name": "demo",
    "version": "0.1",
    "dependencies": {
      "@jolocom/protocol-ts": "^0.5.5",
      "@types/deep-equal": "^1.0.1",
      "deep-equal": "^2.0.5",
      "jolocom-lib": "5.3.2",
      "ts-node": "^10.5.0",
      "typescript": "^4.5.5"
    },
    "scripts": {
      "demo": "ts-node ./src/index.ts"
    }
  }

yarn manifest: 
  No manifest

Lockfile: 
  # THIS IS AN AUTOGENERATED FILE. DO NOT EDIT THIS FILE DIRECTLY.
  # yarn lockfile v1
